  DllMain.cpp
  aimbot.cpp
C:\Users\timot\Downloads\Assault-Cube-Internal-master\Assault-Cube-Internal-master\Assault-Cube-Internal\sdk\utils\world.hpp(2,9): warning C4005: 'PI': macro redefinition
  (compiling source file 'hack/features/aim/aimbot.cpp')
      C:\Users\timot\Downloads\Assault-Cube-Internal-master\Assault-Cube-Internal-master\Assault-Cube-Internal\sdk\draw\glDraw.hpp(5,9):
      see previous definition of 'PI'
  
C:\Users\timot\Downloads\Assault-Cube-Internal-master\Assault-Cube-Internal-master\Assault-Cube-Internal\hack\features\aim\aimbot.cpp(8,130): warning C4244: 'argument': conversion from 'float' to 'int', possible loss of data
C:\Users\timot\Downloads\Assault-Cube-Internal-master\Assault-Cube-Internal-master\Assault-Cube-Internal\hack\features\aim\aimbot.cpp(8,78): warning C4244: 'argument': conversion from 'uintptr_t' to 'float', possible loss of data
C:\Users\timot\Downloads\Assault-Cube-Internal-master\Assault-Cube-Internal-master\Assault-Cube-Internal\hack\features\aim\aimbot.cpp(8,52): warning C4244: 'argument': conversion from 'uintptr_t' to 'float', possible loss of data
C:\Users\timot\Downloads\Assault-Cube-Internal-master\Assault-Cube-Internal-master\Assault-Cube-Internal\hack\features\aim\aimbot.cpp(15,27): warning C4018: '<': signed/unsigned mismatch
C:\Users\timot\Downloads\Assault-Cube-Internal-master\Assault-Cube-Internal-master\Assault-Cube-Internal\hack\features\aim\aimbot.cpp(55,78): warning C4244: 'argument': conversion from 'uintptr_t' to 'float', possible loss of data
C:\Users\timot\Downloads\Assault-Cube-Internal-master\Assault-Cube-Internal-master\Assault-Cube-Internal\hack\features\aim\aimbot.cpp(55,47): warning C4244: 'argument': conversion from 'uintptr_t' to 'float', possible loss of data
C:\Users\timot\Downloads\Assault-Cube-Internal-master\Assault-Cube-Internal-master\Assault-Cube-Internal\hack\features\aim\aimbot.cpp(56,78): warning C4244: 'argument': conversion from 'uintptr_t' to 'float', possible loss of data
C:\Users\timot\Downloads\Assault-Cube-Internal-master\Assault-Cube-Internal-master\Assault-Cube-Internal\hack\features\aim\aimbot.cpp(56,47): warning C4244: 'argument': conversion from 'uintptr_t' to 'float', possible loss of data
  noGunMovment.cpp
C:\Users\timot\Downloads\Assault-Cube-Internal-master\Assault-Cube-Internal-master\Assault-Cube-Internal\sdk\utils\world.hpp(2,9): warning C4005: 'PI': macro redefinition
  (compiling source file 'hack/features/aim/noGunMovment.cpp')
      C:\Users\timot\Downloads\Assault-Cube-Internal-master\Assault-Cube-Internal-master\Assault-Cube-Internal\sdk\draw\glDraw.hpp(5,9):
      see previous definition of 'PI'
  
  noPushBack.cpp
C:\Users\timot\Downloads\Assault-Cube-Internal-master\Assault-Cube-Internal-master\Assault-Cube-Internal\sdk\utils\world.hpp(2,9): warning C4005: 'PI': macro redefinition
  (compiling source file 'hack/features/aim/noPushBack.cpp')
      C:\Users\timot\Downloads\Assault-Cube-Internal-master\Assault-Cube-Internal-master\Assault-Cube-Internal\sdk\draw\glDraw.hpp(5,9):
      see previous definition of 'PI'
  
  noRecoil.cpp
C:\Users\timot\Downloads\Assault-Cube-Internal-master\Assault-Cube-Internal-master\Assault-Cube-Internal\sdk\utils\world.hpp(2,9): warning C4005: 'PI': macro redefinition
  (compiling source file 'hack/features/aim/noRecoil.cpp')
      C:\Users\timot\Downloads\Assault-Cube-Internal-master\Assault-Cube-Internal-master\Assault-Cube-Internal\sdk\draw\glDraw.hpp(5,9):
      see previous definition of 'PI'
  
  noSpread.cpp
C:\Users\timot\Downloads\Assault-Cube-Internal-master\Assault-Cube-Internal-master\Assault-Cube-Internal\sdk\utils\world.hpp(2,9): warning C4005: 'PI': macro redefinition
  (compiling source file 'hack/features/aim/noSpread.cpp')
      C:\Users\timot\Downloads\Assault-Cube-Internal-master\Assault-Cube-Internal-master\Assault-Cube-Internal\sdk\draw\glDraw.hpp(5,9):
      see previous definition of 'PI'
  
  features.cpp
  infArmor.cpp
C:\Users\timot\Downloads\Assault-Cube-Internal-master\Assault-Cube-Internal-master\Assault-Cube-Internal\sdk\utils\world.hpp(2,9): warning C4005: 'PI': macro redefinition
  (compiling source file 'hack/features/misc/infArmor.cpp')
      C:\Users\timot\Downloads\Assault-Cube-Internal-master\Assault-Cube-Internal-master\Assault-Cube-Internal\sdk\draw\glDraw.hpp(5,9):
      see previous definition of 'PI'
  
  infHealth.cpp
C:\Users\timot\Downloads\Assault-Cube-Internal-master\Assault-Cube-Internal-master\Assault-Cube-Internal\sdk\utils\world.hpp(2,9): warning C4005: 'PI': macro redefinition
  (compiling source file 'hack/features/misc/infHealth.cpp')
      C:\Users\timot\Downloads\Assault-Cube-Internal-master\Assault-Cube-Internal-master\Assault-Cube-Internal\sdk\draw\glDraw.hpp(5,9):
      see previous definition of 'PI'
  
  infAmmo.cpp
C:\Users\timot\Downloads\Assault-Cube-Internal-master\Assault-Cube-Internal-master\Assault-Cube-Internal\sdk\utils\world.hpp(2,9): warning C4005: 'PI': macro redefinition
  (compiling source file 'hack/features/misc/infAmmo.cpp')
      C:\Users\timot\Downloads\Assault-Cube-Internal-master\Assault-Cube-Internal-master\Assault-Cube-Internal\sdk\draw\glDraw.hpp(5,9):
      see previous definition of 'PI'
  
  esp.cpp
C:\Users\timot\Downloads\Assault-Cube-Internal-master\Assault-Cube-Internal-master\Assault-Cube-Internal\sdk\utils\world.hpp(2,9): warning C4005: 'PI': macro redefinition
  (compiling source file 'hack/features/render/esp.cpp')
      C:\Users\timot\Downloads\Assault-Cube-Internal-master\Assault-Cube-Internal-master\Assault-Cube-Internal\sdk\draw\glDraw.hpp(5,9):
      see previous definition of 'PI'
  
C:\Users\timot\Downloads\Assault-Cube-Internal-master\Assault-Cube-Internal-master\Assault-Cube-Internal\hack\features\render\esp.cpp(12,26): warning C4018: '<': signed/unsigned mismatch
  nametags.cpp
C:\Users\timot\Downloads\Assault-Cube-Internal-master\Assault-Cube-Internal-master\Assault-Cube-Internal\sdk\utils\world.hpp(2,9): warning C4005: 'PI': macro redefinition
  (compiling source file 'hack/features/render/nametags.cpp')
      C:\Users\timot\Downloads\Assault-Cube-Internal-master\Assault-Cube-Internal-master\Assault-Cube-Internal\sdk\draw\glDraw.hpp(5,9):
      see previous definition of 'PI'
  
C:\Users\timot\Downloads\Assault-Cube-Internal-master\Assault-Cube-Internal-master\Assault-Cube-Internal\hack\features\render\nametags.cpp(11,26): warning C4018: '<': signed/unsigned mismatch
  snaplines.cpp
C:\Users\timot\Downloads\Assault-Cube-Internal-master\Assault-Cube-Internal-master\Assault-Cube-Internal\sdk\utils\world.hpp(2,9): warning C4005: 'PI': macro redefinition
  (compiling source file 'hack/features/render/snaplines.cpp')
      C:\Users\timot\Downloads\Assault-Cube-Internal-master\Assault-Cube-Internal-master\Assault-Cube-Internal\sdk\draw\glDraw.hpp(5,9):
      see previous definition of 'PI'
  
C:\Users\timot\Downloads\Assault-Cube-Internal-master\Assault-Cube-Internal-master\Assault-Cube-Internal\hack\features\render\snaplines.cpp(12,26): warning C4018: '<': signed/unsigned mismatch
C:\Users\timot\Downloads\Assault-Cube-Internal-master\Assault-Cube-Internal-master\Assault-Cube-Internal\hack\features\render\snaplines.cpp(25,65): warning C4244: 'argument': conversion from 'uintptr_t' to 'float', possible loss of data
C:\Users\timot\Downloads\Assault-Cube-Internal-master\Assault-Cube-Internal-master\Assault-Cube-Internal\hack\features\render\snaplines.cpp(25,46): warning C4244: 'argument': conversion from 'uintptr_t' to 'float', possible loss of data
  hooks.cpp
  memory.cpp
  menu.cpp
C:\Users\timot\Downloads\Assault-Cube-Internal-master\Assault-Cube-Internal-master\Assault-Cube-Internal\sdk\utils\world.hpp(2,9): warning C4005: 'PI': macro redefinition
  (compiling source file 'hack/menu/menu.cpp')
      C:\Users\timot\Downloads\Assault-Cube-Internal-master\Assault-Cube-Internal-master\Assault-Cube-Internal\sdk\draw\glDraw.hpp(5,9):
      see previous definition of 'PI'
  
  imgui.cpp
  imgui_demo.cpp
  imgui_draw.cpp
  imgui_impl_opengl2.cpp
  Compiling...
  imgui_impl_win32.cpp
  imgui_tables.cpp
  imgui_widgets.cpp
  Install.cpp
  glDraw.cpp
C:\Users\timot\Downloads\Assault-Cube-Internal-master\Assault-Cube-Internal-master\Assault-Cube-Internal\sdk\draw\glDraw.cpp(24,102): warning C4244: 'argument': conversion from 'float' to 'GLubyte', possible loss of data
C:\Users\timot\Downloads\Assault-Cube-Internal-master\Assault-Cube-Internal-master\Assault-Cube-Internal\sdk\draw\glDraw.cpp(24,71): warning C4244: 'argument': conversion from 'float' to 'GLubyte', possible loss of data
C:\Users\timot\Downloads\Assault-Cube-Internal-master\Assault-Cube-Internal-master\Assault-Cube-Internal\sdk\draw\glDraw.cpp(24,40): warning C4244: 'argument': conversion from 'float' to 'GLubyte', possible loss of data
C:\Users\timot\Downloads\Assault-Cube-Internal-master\Assault-Cube-Internal-master\Assault-Cube-Internal\sdk\draw\glDraw.cpp(35,102): warning C4244: 'argument': conversion from 'float' to 'GLubyte', possible loss of data
C:\Users\timot\Downloads\Assault-Cube-Internal-master\Assault-Cube-Internal-master\Assault-Cube-Internal\sdk\draw\glDraw.cpp(35,71): warning C4244: 'argument': conversion from 'float' to 'GLubyte', possible loss of data
C:\Users\timot\Downloads\Assault-Cube-Internal-master\Assault-Cube-Internal-master\Assault-Cube-Internal\sdk\draw\glDraw.cpp(35,40): warning C4244: 'argument': conversion from 'float' to 'GLubyte', possible loss of data
C:\Users\timot\Downloads\Assault-Cube-Internal-master\Assault-Cube-Internal-master\Assault-Cube-Internal\sdk\draw\glDraw.cpp(45,102): warning C4244: 'argument': conversion from 'float' to 'GLubyte', possible loss of data
C:\Users\timot\Downloads\Assault-Cube-Internal-master\Assault-Cube-Internal-master\Assault-Cube-Internal\sdk\draw\glDraw.cpp(45,71): warning C4244: 'argument': conversion from 'float' to 'GLubyte', possible loss of data
C:\Users\timot\Downloads\Assault-Cube-Internal-master\Assault-Cube-Internal-master\Assault-Cube-Internal\sdk\draw\glDraw.cpp(45,40): warning C4244: 'argument': conversion from 'float' to 'GLubyte', possible loss of data
C:\Users\timot\Downloads\Assault-Cube-Internal-master\Assault-Cube-Internal-master\Assault-Cube-Internal\sdk\draw\glDraw.cpp(66,102): warning C4244: 'argument': conversion from 'float' to 'GLubyte', possible loss of data
C:\Users\timot\Downloads\Assault-Cube-Internal-master\Assault-Cube-Internal-master\Assault-Cube-Internal\sdk\draw\glDraw.cpp(66,71): warning C4244: 'argument': conversion from 'float' to 'GLubyte', possible loss of data
C:\Users\timot\Downloads\Assault-Cube-Internal-master\Assault-Cube-Internal-master\Assault-Cube-Internal\sdk\draw\glDraw.cpp(66,40): warning C4244: 'argument': conversion from 'float' to 'GLubyte', possible loss of data
C:\Users\timot\Downloads\Assault-Cube-Internal-master\Assault-Cube-Internal-master\Assault-Cube-Internal\sdk\draw\glDraw.cpp(84,102): warning C4244: 'argument': conversion from 'float' to 'GLubyte', possible loss of data
C:\Users\timot\Downloads\Assault-Cube-Internal-master\Assault-Cube-Internal-master\Assault-Cube-Internal\sdk\draw\glDraw.cpp(84,71): warning C4244: 'argument': conversion from 'float' to 'GLubyte', possible loss of data
C:\Users\timot\Downloads\Assault-Cube-Internal-master\Assault-Cube-Internal-master\Assault-Cube-Internal\sdk\draw\glDraw.cpp(84,40): warning C4244: 'argument': conversion from 'float' to 'GLubyte', possible loss of data
  world.cpp
C:\Users\timot\Downloads\Assault-Cube-Internal-master\Assault-Cube-Internal-master\Assault-Cube-Internal\sdk\utils\world.hpp(2,9): warning C4005: 'PI': macro redefinition
  (compiling source file 'sdk/utils/world.cpp')
      C:\Users\timot\Downloads\Assault-Cube-Internal-master\Assault-Cube-Internal-master\Assault-Cube-Internal\sdk\draw\glDraw.hpp(5,9):
      see previous definition of 'PI'
  
C:\Users\timot\Downloads\Assault-Cube-Internal-master\Assault-Cube-Internal-master\Assault-Cube-Internal\sdk\utils\world.cpp(48,91): warning C4244: '=': conversion from 'double' to 'float', possible loss of data
C:\Users\timot\Downloads\Assault-Cube-Internal-master\Assault-Cube-Internal-master\Assault-Cube-Internal\sdk\utils\world.cpp(49,105): warning C4244: '=': conversion from 'double' to 'float', possible loss of data
  buffer.c
  hde32.c
  hde64.c
  hook.c
  trampoline.c
  Generating code
  Previous IPDB not found, fall back to full compilation.
  All 1546 functions were compiled because no usable IPDB/IOBJ from previous compilation was found.
  Finished generating code
  Assault-Cube-Internal.vcxproj -> C:\Users\timot\Downloads\Assault-Cube-Internal-master\Assault-Cube-Internal-master\Release\Assault-Cube-Internal.dll
