  DllMain.cpp
  aimbot.cpp
  noGunMovment.cpp
C:\Users\timot\Downloads\Assault-Cube-Internal-master\Assault-Cube-Internal-master\Assault-Cube-Internal\sdk\utils\world.hpp(2,9): warning C4005: 'PI': macro redefinition
  (compiling source file 'hack/features/aim/aimbot.cpp')
      C:\Users\timot\Downloads\Assault-Cube-Internal-master\Assault-Cube-Internal-master\Assault-Cube-Internal\sdk\draw\glDraw.hpp(5,9):
      see previous definition of 'PI'
  
C:\Users\timot\Downloads\Assault-Cube-Internal-master\Assault-Cube-Internal-master\Assault-Cube-Internal\hack\features\aim\aimbot.cpp(8,130): warning C4244: 'argument': conversion from 'float' to 'int', possible loss of data
C:\Users\timot\Downloads\Assault-Cube-Internal-master\Assault-Cube-Internal-master\Assault-Cube-Internal\hack\features\aim\aimbot.cpp(8,78): warning C4244: 'argument': conversion from 'uintptr_t' to 'float', possible loss of data
C:\Users\timot\Downloads\Assault-Cube-Internal-master\Assault-Cube-Internal-master\Assault-Cube-Internal\hack\features\aim\aimbot.cpp(8,52): warning C4244: 'argument': conversion from 'uintptr_t' to 'float', possible loss of data
C:\Users\timot\Downloads\Assault-Cube-Internal-master\Assault-Cube-Internal-master\Assault-Cube-Internal\hack\features\aim\aimbot.cpp(9,8): warning C4312: 'type cast': conversion from 'DWORD' to 'int *' of greater size
C:\Users\timot\Downloads\Assault-Cube-Internal-master\Assault-Cube-Internal-master\Assault-Cube-Internal\hack\features\aim\aimbot.cpp(15,30): warning C4312: 'type cast': conversion from 'DWORD' to 'int *' of greater size
C:\Users\timot\Downloads\Assault-Cube-Internal-master\Assault-Cube-Internal-master\Assault-Cube-Internal\hack\features\aim\aimbot.cpp(21,200): warning C4244: 'argument': conversion from 'uintptr_t' to 'int', possible loss of data
C:\Users\timot\Downloads\Assault-Cube-Internal-master\Assault-Cube-Internal-master\Assault-Cube-Internal\hack\features\aim\aimbot.cpp(21,179): warning C4244: 'argument': conversion from 'uintptr_t' to 'int', possible loss of data
C:\Users\timot\Downloads\Assault-Cube-Internal-master\Assault-Cube-Internal-master\Assault-Cube-Internal\hack\features\aim\aimbot.cpp(55,78): warning C4244: 'argument': conversion from 'uintptr_t' to 'float', possible loss of data
C:\Users\timot\Downloads\Assault-Cube-Internal-master\Assault-Cube-Internal-master\Assault-Cube-Internal\hack\features\aim\aimbot.cpp(55,47): warning C4244: 'argument': conversion from 'uintptr_t' to 'float', possible loss of data
C:\Users\timot\Downloads\Assault-Cube-Internal-master\Assault-Cube-Internal-master\Assault-Cube-Internal\hack\features\aim\aimbot.cpp(56,78): warning C4244: 'argument': conversion from 'uintptr_t' to 'float', possible loss of data
C:\Users\timot\Downloads\Assault-Cube-Internal-master\Assault-Cube-Internal-master\Assault-Cube-Internal\hack\features\aim\aimbot.cpp(56,47): warning C4244: 'argument': conversion from 'uintptr_t' to 'float', possible loss of data
C:\Users\timot\Downloads\Assault-Cube-Internal-master\Assault-Cube-Internal-master\Assault-Cube-Internal\sdk\utils\world.hpp(2,9): warning C4005: 'PI': macro redefinition
  (compiling source file 'hack/features/aim/noGunMovment.cpp')
      C:\Users\timot\Downloads\Assault-Cube-Internal-master\Assault-Cube-Internal-master\Assault-Cube-Internal\sdk\draw\glDraw.hpp(5,9):
      see previous definition of 'PI'
  
  noPushBack.cpp
C:\Users\timot\Downloads\Assault-Cube-Internal-master\Assault-Cube-Internal-master\Assault-Cube-Internal\sdk\utils\world.hpp(2,9): warning C4005: 'PI': macro redefinition
  (compiling source file 'hack/features/aim/noPushBack.cpp')
      C:\Users\timot\Downloads\Assault-Cube-Internal-master\Assault-Cube-Internal-master\Assault-Cube-Internal\sdk\draw\glDraw.hpp(5,9):
      see previous definition of 'PI'
  
  noRecoil.cpp
C:\Users\timot\Downloads\Assault-Cube-Internal-master\Assault-Cube-Internal-master\Assault-Cube-Internal\sdk\utils\world.hpp(2,9): warning C4005: 'PI': macro redefinition
  (compiling source file 'hack/features/aim/noRecoil.cpp')
      C:\Users\timot\Downloads\Assault-Cube-Internal-master\Assault-Cube-Internal-master\Assault-Cube-Internal\sdk\draw\glDraw.hpp(5,9):
      see previous definition of 'PI'
  
  noSpread.cpp
C:\Users\timot\Downloads\Assault-Cube-Internal-master\Assault-Cube-Internal-master\Assault-Cube-Internal\sdk\utils\world.hpp(2,9): warning C4005: 'PI': macro redefinition
  (compiling source file 'hack/features/aim/noSpread.cpp')
      C:\Users\timot\Downloads\Assault-Cube-Internal-master\Assault-Cube-Internal-master\Assault-Cube-Internal\sdk\draw\glDraw.hpp(5,9):
      see previous definition of 'PI'
  
  features.cpp
  infArmor.cpp
C:\Users\timot\Downloads\Assault-Cube-Internal-master\Assault-Cube-Internal-master\Assault-Cube-Internal\sdk\utils\world.hpp(2,9): warning C4005: 'PI': macro redefinition
  (compiling source file 'hack/features/misc/infArmor.cpp')
      C:\Users\timot\Downloads\Assault-Cube-Internal-master\Assault-Cube-Internal-master\Assault-Cube-Internal\sdk\draw\glDraw.hpp(5,9):
      see previous definition of 'PI'
  
  infHealth.cpp
C:\Users\timot\Downloads\Assault-Cube-Internal-master\Assault-Cube-Internal-master\Assault-Cube-Internal\sdk\utils\world.hpp(2,9): warning C4005: 'PI': macro redefinition
  (compiling source file 'hack/features/misc/infHealth.cpp')
      C:\Users\timot\Downloads\Assault-Cube-Internal-master\Assault-Cube-Internal-master\Assault-Cube-Internal\sdk\draw\glDraw.hpp(5,9):
      see previous definition of 'PI'
  
  infAmmo.cpp
C:\Users\timot\Downloads\Assault-Cube-Internal-master\Assault-Cube-Internal-master\Assault-Cube-Internal\sdk\utils\world.hpp(2,9): warning C4005: 'PI': macro redefinition
  (compiling source file 'hack/features/misc/infAmmo.cpp')
      C:\Users\timot\Downloads\Assault-Cube-Internal-master\Assault-Cube-Internal-master\Assault-Cube-Internal\sdk\draw\glDraw.hpp(5,9):
      see previous definition of 'PI'
  
  esp.cpp
C:\Users\timot\Downloads\Assault-Cube-Internal-master\Assault-Cube-Internal-master\Assault-Cube-Internal\sdk\utils\world.hpp(2,9): warning C4005: 'PI': macro redefinition
  (compiling source file 'hack/features/render/esp.cpp')
      C:\Users\timot\Downloads\Assault-Cube-Internal-master\Assault-Cube-Internal-master\Assault-Cube-Internal\sdk\draw\glDraw.hpp(5,9):
      see previous definition of 'PI'
  
C:\Users\timot\Downloads\Assault-Cube-Internal-master\Assault-Cube-Internal-master\Assault-Cube-Internal\hack\features\render\esp.cpp(7,8): warning C4312: 'type cast': conversion from 'DWORD' to 'int *' of greater size
C:\Users\timot\Downloads\Assault-Cube-Internal-master\Assault-Cube-Internal-master\Assault-Cube-Internal\hack\features\render\esp.cpp(12,29): warning C4312: 'type cast': conversion from 'DWORD' to 'int *' of greater size
C:\Users\timot\Downloads\Assault-Cube-Internal-master\Assault-Cube-Internal-master\Assault-Cube-Internal\hack\features\render\esp.cpp(18,182): warning C4244: 'argument': conversion from 'uintptr_t' to 'int', possible loss of data
C:\Users\timot\Downloads\Assault-Cube-Internal-master\Assault-Cube-Internal-master\Assault-Cube-Internal\hack\features\render\esp.cpp(18,161): warning C4244: 'argument': conversion from 'uintptr_t' to 'int', possible loss of data
C:\Users\timot\Downloads\Assault-Cube-Internal-master\Assault-Cube-Internal-master\Assault-Cube-Internal\hack\features\render\esp.cpp(20,182): warning C4244: 'argument': conversion from 'uintptr_t' to 'int', possible loss of data
C:\Users\timot\Downloads\Assault-Cube-Internal-master\Assault-Cube-Internal-master\Assault-Cube-Internal\hack\features\render\esp.cpp(20,161): warning C4244: 'argument': conversion from 'uintptr_t' to 'int', possible loss of data
  nametags.cpp
C:\Users\timot\Downloads\Assault-Cube-Internal-master\Assault-Cube-Internal-master\Assault-Cube-Internal\sdk\utils\world.hpp(2,9): warning C4005: 'PI': macro redefinition
  (compiling source file 'hack/features/render/nametags.cpp')
      C:\Users\timot\Downloads\Assault-Cube-Internal-master\Assault-Cube-Internal-master\Assault-Cube-Internal\sdk\draw\glDraw.hpp(5,9):
      see previous definition of 'PI'
  
C:\Users\timot\Downloads\Assault-Cube-Internal-master\Assault-Cube-Internal-master\Assault-Cube-Internal\hack\features\render\nametags.cpp(7,8): warning C4312: 'type cast': conversion from 'DWORD' to 'int *' of greater size
C:\Users\timot\Downloads\Assault-Cube-Internal-master\Assault-Cube-Internal-master\Assault-Cube-Internal\hack\features\render\nametags.cpp(11,29): warning C4312: 'type cast': conversion from 'DWORD' to 'int *' of greater size
C:\Users\timot\Downloads\Assault-Cube-Internal-master\Assault-Cube-Internal-master\Assault-Cube-Internal\hack\features\render\nametags.cpp(17,182): warning C4244: 'argument': conversion from 'uintptr_t' to 'int', possible loss of data
C:\Users\timot\Downloads\Assault-Cube-Internal-master\Assault-Cube-Internal-master\Assault-Cube-Internal\hack\features\render\nametags.cpp(17,161): warning C4244: 'argument': conversion from 'uintptr_t' to 'int', possible loss of data
C:\Users\timot\Downloads\Assault-Cube-Internal-master\Assault-Cube-Internal-master\Assault-Cube-Internal\hack\features\render\nametags.cpp(19,182): warning C4244: 'argument': conversion from 'uintptr_t' to 'int', possible loss of data
C:\Users\timot\Downloads\Assault-Cube-Internal-master\Assault-Cube-Internal-master\Assault-Cube-Internal\hack\features\render\nametags.cpp(19,161): warning C4244: 'argument': conversion from 'uintptr_t' to 'int', possible loss of data
  snaplines.cpp
C:\Users\timot\Downloads\Assault-Cube-Internal-master\Assault-Cube-Internal-master\Assault-Cube-Internal\sdk\utils\world.hpp(2,9): warning C4005: 'PI': macro redefinition
  (compiling source file 'hack/features/render/snaplines.cpp')
      C:\Users\timot\Downloads\Assault-Cube-Internal-master\Assault-Cube-Internal-master\Assault-Cube-Internal\sdk\draw\glDraw.hpp(5,9):
      see previous definition of 'PI'
  
C:\Users\timot\Downloads\Assault-Cube-Internal-master\Assault-Cube-Internal-master\Assault-Cube-Internal\hack\features\render\snaplines.cpp(7,8): warning C4312: 'type cast': conversion from 'DWORD' to 'int *' of greater size
C:\Users\timot\Downloads\Assault-Cube-Internal-master\Assault-Cube-Internal-master\Assault-Cube-Internal\hack\features\render\snaplines.cpp(12,29): warning C4312: 'type cast': conversion from 'DWORD' to 'int *' of greater size
C:\Users\timot\Downloads\Assault-Cube-Internal-master\Assault-Cube-Internal-master\Assault-Cube-Internal\hack\features\render\snaplines.cpp(18,182): warning C4244: 'argument': conversion from 'uintptr_t' to 'int', possible loss of data
C:\Users\timot\Downloads\Assault-Cube-Internal-master\Assault-Cube-Internal-master\Assault-Cube-Internal\hack\features\render\snaplines.cpp(18,161): warning C4244: 'argument': conversion from 'uintptr_t' to 'int', possible loss of data
C:\Users\timot\Downloads\Assault-Cube-Internal-master\Assault-Cube-Internal-master\Assault-Cube-Internal\hack\features\render\snaplines.cpp(25,65): warning C4244: 'argument': conversion from 'uintptr_t' to 'float', possible loss of data
C:\Users\timot\Downloads\Assault-Cube-Internal-master\Assault-Cube-Internal-master\Assault-Cube-Internal\hack\features\render\snaplines.cpp(25,46): warning C4244: 'argument': conversion from 'uintptr_t' to 'float', possible loss of data
  hooks.cpp
  memory.cpp
C:\Users\timot\Downloads\Assault-Cube-Internal-master\Assault-Cube-Internal-master\Assault-Cube-Internal\hack\memory\memory.cpp(13,15): warning C4312: 'type cast': conversion from 'DWORD' to 'ViewMatrix *' of greater size
  menu.cpp
C:\Users\timot\Downloads\Assault-Cube-Internal-master\Assault-Cube-Internal-master\Assault-Cube-Internal\sdk\utils\world.hpp(2,9): warning C4005: 'PI': macro redefinition
  (compiling source file 'hack/menu/menu.cpp')
      C:\Users\timot\Downloads\Assault-Cube-Internal-master\Assault-Cube-Internal-master\Assault-Cube-Internal\sdk\draw\glDraw.hpp(5,9):
      see previous definition of 'PI'
  
C:\Users\timot\Downloads\Assault-Cube-Internal-master\Assault-Cube-Internal-master\Assault-Cube-Internal\hack\menu\menu.cpp(187,38): warning C4312: 'type cast': conversion from 'DWORD' to 'int *' of greater size
  imgui.cpp
  imgui_demo.cpp
  imgui_draw.cpp
  imgui_impl_opengl2.cpp
  Generating Code...
  Compiling...
  imgui_impl_win32.cpp
  imgui_tables.cpp
  imgui_widgets.cpp
  Install.cpp
  glDraw.cpp
C:\Users\timot\Downloads\Assault-Cube-Internal-master\Assault-Cube-Internal-master\Assault-Cube-Internal\sdk\draw\glDraw.cpp(24,102): warning C4244: 'argument': conversion from 'float' to 'GLubyte', possible loss of data
C:\Users\timot\Downloads\Assault-Cube-Internal-master\Assault-Cube-Internal-master\Assault-Cube-Internal\sdk\draw\glDraw.cpp(24,71): warning C4244: 'argument': conversion from 'float' to 'GLubyte', possible loss of data
C:\Users\timot\Downloads\Assault-Cube-Internal-master\Assault-Cube-Internal-master\Assault-Cube-Internal\sdk\draw\glDraw.cpp(24,40): warning C4244: 'argument': conversion from 'float' to 'GLubyte', possible loss of data
C:\Users\timot\Downloads\Assault-Cube-Internal-master\Assault-Cube-Internal-master\Assault-Cube-Internal\sdk\draw\glDraw.cpp(35,102): warning C4244: 'argument': conversion from 'float' to 'GLubyte', possible loss of data
C:\Users\timot\Downloads\Assault-Cube-Internal-master\Assault-Cube-Internal-master\Assault-Cube-Internal\sdk\draw\glDraw.cpp(35,71): warning C4244: 'argument': conversion from 'float' to 'GLubyte', possible loss of data
C:\Users\timot\Downloads\Assault-Cube-Internal-master\Assault-Cube-Internal-master\Assault-Cube-Internal\sdk\draw\glDraw.cpp(35,40): warning C4244: 'argument': conversion from 'float' to 'GLubyte', possible loss of data
C:\Users\timot\Downloads\Assault-Cube-Internal-master\Assault-Cube-Internal-master\Assault-Cube-Internal\sdk\draw\glDraw.cpp(45,102): warning C4244: 'argument': conversion from 'float' to 'GLubyte', possible loss of data
C:\Users\timot\Downloads\Assault-Cube-Internal-master\Assault-Cube-Internal-master\Assault-Cube-Internal\sdk\draw\glDraw.cpp(45,71): warning C4244: 'argument': conversion from 'float' to 'GLubyte', possible loss of data
C:\Users\timot\Downloads\Assault-Cube-Internal-master\Assault-Cube-Internal-master\Assault-Cube-Internal\sdk\draw\glDraw.cpp(45,40): warning C4244: 'argument': conversion from 'float' to 'GLubyte', possible loss of data
C:\Users\timot\Downloads\Assault-Cube-Internal-master\Assault-Cube-Internal-master\Assault-Cube-Internal\sdk\draw\glDraw.cpp(66,102): warning C4244: 'argument': conversion from 'float' to 'GLubyte', possible loss of data
C:\Users\timot\Downloads\Assault-Cube-Internal-master\Assault-Cube-Internal-master\Assault-Cube-Internal\sdk\draw\glDraw.cpp(66,71): warning C4244: 'argument': conversion from 'float' to 'GLubyte', possible loss of data
C:\Users\timot\Downloads\Assault-Cube-Internal-master\Assault-Cube-Internal-master\Assault-Cube-Internal\sdk\draw\glDraw.cpp(66,40): warning C4244: 'argument': conversion from 'float' to 'GLubyte', possible loss of data
C:\Users\timot\Downloads\Assault-Cube-Internal-master\Assault-Cube-Internal-master\Assault-Cube-Internal\sdk\draw\glDraw.cpp(78,20): warning C4267: 'argument': conversion from 'size_t' to 'GLsizei', possible loss of data
C:\Users\timot\Downloads\Assault-Cube-Internal-master\Assault-Cube-Internal-master\Assault-Cube-Internal\sdk\draw\glDraw.cpp(84,102): warning C4244: 'argument': conversion from 'float' to 'GLubyte', possible loss of data
C:\Users\timot\Downloads\Assault-Cube-Internal-master\Assault-Cube-Internal-master\Assault-Cube-Internal\sdk\draw\glDraw.cpp(84,71): warning C4244: 'argument': conversion from 'float' to 'GLubyte', possible loss of data
C:\Users\timot\Downloads\Assault-Cube-Internal-master\Assault-Cube-Internal-master\Assault-Cube-Internal\sdk\draw\glDraw.cpp(84,40): warning C4244: 'argument': conversion from 'float' to 'GLubyte', possible loss of data
  world.cpp
C:\Users\timot\Downloads\Assault-Cube-Internal-master\Assault-Cube-Internal-master\Assault-Cube-Internal\sdk\utils\world.hpp(2,9): warning C4005: 'PI': macro redefinition
  (compiling source file 'sdk/utils/world.cpp')
      C:\Users\timot\Downloads\Assault-Cube-Internal-master\Assault-Cube-Internal-master\Assault-Cube-Internal\sdk\draw\glDraw.hpp(5,9):
      see previous definition of 'PI'
  
C:\Users\timot\Downloads\Assault-Cube-Internal-master\Assault-Cube-Internal-master\Assault-Cube-Internal\sdk\utils\world.cpp(48,91): warning C4244: '=': conversion from 'double' to 'float', possible loss of data
C:\Users\timot\Downloads\Assault-Cube-Internal-master\Assault-Cube-Internal-master\Assault-Cube-Internal\sdk\utils\world.cpp(49,105): warning C4244: '=': conversion from 'double' to 'float', possible loss of data
  Generating Code...
  buffer.c
  hde32.c
  hde64.c
  hook.c
  trampoline.c
  Generating Code...
imgui_impl_opengl2.obj : error LNK2019: unresolved external symbol __imp_glBindTexture referenced in function "bool __cdecl ImGui_ImplOpenGL2_CreateFontsTexture(void)" (?ImGui_ImplOpenGL2_CreateFontsTexture@@YA_NXZ)
imgui_impl_opengl2.obj : error LNK2019: unresolved external symbol __imp_glBlendFunc referenced in function "void __cdecl ImGui_ImplOpenGL2_SetupRenderState(struct ImDrawData *,int,int)" (?ImGui_ImplOpenGL2_SetupRenderState@@YAXPEAUImDrawData@@HH@Z)
imgui_impl_opengl2.obj : error LNK2019: unresolved external symbol __imp_glColorPointer referenced in function "void __cdecl ImGui_ImplOpenGL2_RenderDrawData(struct ImDrawData *)" (?ImGui_ImplOpenGL2_RenderDrawData@@YAXPEAUImDrawData@@@Z)
imgui_impl_opengl2.obj : error LNK2019: unresolved external symbol __imp_glDeleteTextures referenced in function "void __cdecl ImGui_ImplOpenGL2_DestroyFontsTexture(void)" (?ImGui_ImplOpenGL2_DestroyFontsTexture@@YAXXZ)
imgui_impl_opengl2.obj : error LNK2019: unresolved external symbol __imp_glDisable referenced in function "void __cdecl ImGui_ImplOpenGL2_SetupRenderState(struct ImDrawData *,int,int)" (?ImGui_ImplOpenGL2_SetupRenderState@@YAXPEAUImDrawData@@HH@Z)
imgui_impl_opengl2.obj : error LNK2019: unresolved external symbol __imp_glDisableClientState referenced in function "void __cdecl ImGui_ImplOpenGL2_RenderDrawData(struct ImDrawData *)" (?ImGui_ImplOpenGL2_RenderDrawData@@YAXPEAUImDrawData@@@Z)
imgui_impl_opengl2.obj : error LNK2019: unresolved external symbol __imp_glDrawElements referenced in function "void __cdecl ImGui_ImplOpenGL2_RenderDrawData(struct ImDrawData *)" (?ImGui_ImplOpenGL2_RenderDrawData@@YAXPEAUImDrawData@@@Z)
imgui_impl_opengl2.obj : error LNK2019: unresolved external symbol __imp_glEnable referenced in function "void __cdecl ImGui_ImplOpenGL2_SetupRenderState(struct ImDrawData *,int,int)" (?ImGui_ImplOpenGL2_SetupRenderState@@YAXPEAUImDrawData@@HH@Z)
imgui_impl_opengl2.obj : error LNK2019: unresolved external symbol __imp_glEnableClientState referenced in function "void __cdecl ImGui_ImplOpenGL2_SetupRenderState(struct ImDrawData *,int,int)" (?ImGui_ImplOpenGL2_SetupRenderState@@YAXPEAUImDrawData@@HH@Z)
imgui_impl_opengl2.obj : error LNK2019: unresolved external symbol __imp_glGenTextures referenced in function "bool __cdecl ImGui_ImplOpenGL2_CreateFontsTexture(void)" (?ImGui_ImplOpenGL2_CreateFontsTexture@@YA_NXZ)
imgui_impl_opengl2.obj : error LNK2019: unresolved external symbol __imp_glGetIntegerv referenced in function "bool __cdecl ImGui_ImplOpenGL2_CreateFontsTexture(void)" (?ImGui_ImplOpenGL2_CreateFontsTexture@@YA_NXZ)
glDraw.obj : error LNK2001: unresolved external symbol __imp_glGetIntegerv
imgui_impl_opengl2.obj : error LNK2019: unresolved external symbol __imp_glGetTexEnviv referenced in function "void __cdecl ImGui_ImplOpenGL2_RenderDrawData(struct ImDrawData *)" (?ImGui_ImplOpenGL2_RenderDrawData@@YAXPEAUImDrawData@@@Z)
imgui_impl_opengl2.obj : error LNK2019: unresolved external symbol __imp_glLoadIdentity referenced in function "void __cdecl ImGui_ImplOpenGL2_SetupRenderState(struct ImDrawData *,int,int)" (?ImGui_ImplOpenGL2_SetupRenderState@@YAXPEAUImDrawData@@HH@Z)
glDraw.obj : error LNK2001: unresolved external symbol __imp_glLoadIdentity
imgui_impl_opengl2.obj : error LNK2019: unresolved external symbol __imp_glMatrixMode referenced in function "void __cdecl ImGui_ImplOpenGL2_RenderDrawData(struct ImDrawData *)" (?ImGui_ImplOpenGL2_RenderDrawData@@YAXPEAUImDrawData@@@Z)
glDraw.obj : error LNK2001: unresolved external symbol __imp_glMatrixMode
imgui_impl_opengl2.obj : error LNK2019: unresolved external symbol __imp_glOrtho referenced in function "void __cdecl ImGui_ImplOpenGL2_SetupRenderState(struct ImDrawData *,int,int)" (?ImGui_ImplOpenGL2_SetupRenderState@@YAXPEAUImDrawData@@HH@Z)
glDraw.obj : error LNK2001: unresolved external symbol __imp_glOrtho
imgui_impl_opengl2.obj : error LNK2019: unresolved external symbol __imp_glPixelStorei referenced in function "bool __cdecl ImGui_ImplOpenGL2_CreateFontsTexture(void)" (?ImGui_ImplOpenGL2_CreateFontsTexture@@YA_NXZ)
imgui_impl_opengl2.obj : error LNK2019: unresolved external symbol __imp_glPolygonMode referenced in function "void __cdecl ImGui_ImplOpenGL2_RenderDrawData(struct ImDrawData *)" (?ImGui_ImplOpenGL2_RenderDrawData@@YAXPEAUImDrawData@@@Z)
imgui_impl_opengl2.obj : error LNK2019: unresolved external symbol __imp_glPopAttrib referenced in function "void __cdecl ImGui_ImplOpenGL2_RenderDrawData(struct ImDrawData *)" (?ImGui_ImplOpenGL2_RenderDrawData@@YAXPEAUImDrawData@@@Z)
glDraw.obj : error LNK2001: unresolved external symbol __imp_glPopAttrib
imgui_impl_opengl2.obj : error LNK2019: unresolved external symbol __imp_glPopMatrix referenced in function "void __cdecl ImGui_ImplOpenGL2_RenderDrawData(struct ImDrawData *)" (?ImGui_ImplOpenGL2_RenderDrawData@@YAXPEAUImDrawData@@@Z)
imgui_impl_opengl2.obj : error LNK2019: unresolved external symbol __imp_glPushAttrib referenced in function "void __cdecl ImGui_ImplOpenGL2_RenderDrawData(struct ImDrawData *)" (?ImGui_ImplOpenGL2_RenderDrawData@@YAXPEAUImDrawData@@@Z)
glDraw.obj : error LNK2001: unresolved external symbol __imp_glPushAttrib
imgui_impl_opengl2.obj : error LNK2019: unresolved external symbol __imp_glPushMatrix referenced in function "void __cdecl ImGui_ImplOpenGL2_SetupRenderState(struct ImDrawData *,int,int)" (?ImGui_ImplOpenGL2_SetupRenderState@@YAXPEAUImDrawData@@HH@Z)
imgui_impl_opengl2.obj : error LNK2019: unresolved external symbol __imp_glScissor referenced in function "void __cdecl ImGui_ImplOpenGL2_RenderDrawData(struct ImDrawData *)" (?ImGui_ImplOpenGL2_RenderDrawData@@YAXPEAUImDrawData@@@Z)
imgui_impl_opengl2.obj : error LNK2019: unresolved external symbol __imp_glShadeModel referenced in function "void __cdecl ImGui_ImplOpenGL2_RenderDrawData(struct ImDrawData *)" (?ImGui_ImplOpenGL2_RenderDrawData@@YAXPEAUImDrawData@@@Z)
imgui_impl_opengl2.obj : error LNK2019: unresolved external symbol __imp_glTexCoordPointer referenced in function "void __cdecl ImGui_ImplOpenGL2_RenderDrawData(struct ImDrawData *)" (?ImGui_ImplOpenGL2_RenderDrawData@@YAXPEAUImDrawData@@@Z)
imgui_impl_opengl2.obj : error LNK2019: unresolved external symbol __imp_glTexEnvi referenced in function "void __cdecl ImGui_ImplOpenGL2_RenderDrawData(struct ImDrawData *)" (?ImGui_ImplOpenGL2_RenderDrawData@@YAXPEAUImDrawData@@@Z)
imgui_impl_opengl2.obj : error LNK2019: unresolved external symbol __imp_glTexImage2D referenced in function "bool __cdecl ImGui_ImplOpenGL2_CreateFontsTexture(void)" (?ImGui_ImplOpenGL2_CreateFontsTexture@@YA_NXZ)
imgui_impl_opengl2.obj : error LNK2019: unresolved external symbol __imp_glTexParameteri referenced in function "bool __cdecl ImGui_ImplOpenGL2_CreateFontsTexture(void)" (?ImGui_ImplOpenGL2_CreateFontsTexture@@YA_NXZ)
imgui_impl_opengl2.obj : error LNK2019: unresolved external symbol __imp_glVertexPointer referenced in function "void __cdecl ImGui_ImplOpenGL2_RenderDrawData(struct ImDrawData *)" (?ImGui_ImplOpenGL2_RenderDrawData@@YAXPEAUImDrawData@@@Z)
imgui_impl_opengl2.obj : error LNK2019: unresolved external symbol __imp_glViewport referenced in function "void __cdecl ImGui_ImplOpenGL2_RenderDrawData(struct ImDrawData *)" (?ImGui_ImplOpenGL2_RenderDrawData@@YAXPEAUImDrawData@@@Z)
glDraw.obj : error LNK2001: unresolved external symbol __imp_glViewport
glDraw.obj : error LNK2019: unresolved external symbol __imp_wglGetCurrentDC referenced in function "void __cdecl sdk::draw::font::build(int,struct HDC__ *)" (?build@font@draw@sdk@@YAXHPEAUHDC__@@@Z)
glDraw.obj : error LNK2019: unresolved external symbol __imp_wglUseFontBitmapsA referenced in function "void __cdecl sdk::draw::font::build(int,struct HDC__ *)" (?build@font@draw@sdk@@YAXHPEAUHDC__@@@Z)
glDraw.obj : error LNK2019: unresolved external symbol __imp_glBegin referenced in function "void __cdecl sdk::draw::drawFilledRect(float,float,float,float)" (?drawFilledRect@draw@sdk@@YAXMMMM@Z)
glDraw.obj : error LNK2019: unresolved external symbol __imp_glCallLists referenced in function "void __cdecl sdk::draw::font::print(float,float,char const *,...)" (?print@font@draw@sdk@@YAXMMPEBDZZ)
glDraw.obj : error LNK2019: unresolved external symbol __imp_glColor3ub referenced in function "void __cdecl sdk::draw::drawFilledRect(float,float,float,float)" (?drawFilledRect@draw@sdk@@YAXMMMM@Z)
glDraw.obj : error LNK2019: unresolved external symbol __imp_glEnd referenced in function "void __cdecl sdk::draw::drawFilledRect(float,float,float,float)" (?drawFilledRect@draw@sdk@@YAXMMMM@Z)
glDraw.obj : error LNK2019: unresolved external symbol __imp_glGenLists referenced in function "void __cdecl sdk::draw::font::build(int,struct HDC__ *)" (?build@font@draw@sdk@@YAXHPEAUHDC__@@@Z)
glDraw.obj : error LNK2019: unresolved external symbol __imp_glLineWidth referenced in function "void __cdecl sdk::draw::drawLine(float,float,float,float,float)" (?drawLine@draw@sdk@@YAXMMMMM@Z)
glDraw.obj : error LNK2019: unresolved external symbol __imp_glListBase referenced in function "void __cdecl sdk::draw::font::print(float,float,char const *,...)" (?print@font@draw@sdk@@YAXMMPEBDZZ)
glDraw.obj : error LNK2019: unresolved external symbol __imp_glRasterPos2f referenced in function "void __cdecl sdk::draw::font::print(float,float,char const *,...)" (?print@font@draw@sdk@@YAXMMPEBDZZ)
glDraw.obj : error LNK2019: unresolved external symbol __imp_glVertex2f referenced in function "void __cdecl sdk::draw::drawFilledRect(float,float,float,float)" (?drawFilledRect@draw@sdk@@YAXMMMM@Z)
C:\Users\timot\Downloads\Assault-Cube-Internal-master\Assault-Cube-Internal-master\x64\Debug\Assault-Cube-Internal.dll : fatal error LNK1120: 40 unresolved externals
